<?xml version="1.0" encoding="UTF-8"?>
<testsuite xmlns:xsi="http://www.w3.org/2001/XMLSchema-instance" xsi:noNamespaceSchemaLocation="https://maven.apache.org/surefire/maven-surefire-plugin/xsd/surefire-test-report-3.0.xsd" version="3.0" name="com.example.demo.BankTest" time="0.079" tests="6" errors="2" skipped="0" failures="1">
  <properties>
[...]
</properties>
  <testcase name="shouldNotAllowOverdraft" classname="com.example.demo.BankTest" time="0.033">
    <error message="Insufficient balance" type="java.lang.IllegalArgumentException"><![CDATA[java.lang.IllegalArgumentException: Insufficient balance
	at com.example.demo.Bank.withdraw(Bank.java:29)
	at com.example.demo.BankTest.shouldNotAllowOverdraft(BankTest.java:39)
	at java.base/java.lang.reflect.Method.invoke(Method.java:568)
	at java.base/java.util.ArrayList.forEach(ArrayList.java:1511)
	at java.base/java.util.ArrayList.forEach(ArrayList.java:1511)
]]></error>
  </testcase>
  <testcase name="shouldReturnCorrectOwnerAndToString" classname="com.example.demo.BankTest" time="0.012"/>
  <testcase name="shouldRetire" classname="com.example.demo.BankTest" time="0.0">
    <error message="Withdraw amount must be positive" type="java.lang.IllegalArgumentException"><![CDATA[java.lang.IllegalArgumentException: Withdraw amount must be positive
	at com.example.demo.Bank.withdraw(Bank.java:32)
	at com.example.demo.BankTest.shouldRetire(BankTest.java:46)
	at java.base/java.lang.reflect.Method.invoke(Method.java:568)
	at java.base/java.util.ArrayList.forEach(ArrayList.java:1511)
	at java.base/java.util.ArrayList.forEach(ArrayList.java:1511)
]]></error>
  </testcase>
  <testcase name="getOwnerOfAccount" classname="com.example.demo.BankTest" time="0.0"/>
  <testcase name="shouldSumEvens" classname="com.example.demo.BankTest" time="0.009">
    <failure message="expected: &lt;25&gt; but was: &lt;30&gt;" type="org.opentest4j.AssertionFailedError"><![CDATA[org.opentest4j.AssertionFailedError: expected: <25> but was: <30>
	at org.junit.jupiter.api.AssertionFailureBuilder.build(AssertionFailureBuilder.java:151)
	at org.junit.jupiter.api.AssertionFailureBuilder.buildAndThrow(AssertionFailureBuilder.java:132)
	at org.junit.jupiter.api.AssertEquals.failNotEqual(AssertEquals.java:197)
	at org.junit.jupiter.api.AssertEquals.assertEquals(AssertEquals.java:150)
	at org.junit.jupiter.api.AssertEquals.assertEquals(AssertEquals.java:145)
	at org.junit.jupiter.api.Assertions.assertEquals(Assertions.java:531)
	at com.example.demo.BankTest.shouldSumEvens(BankTest.java:58)
	at java.base/java.lang.reflect.Method.invoke(Method.java:568)
	at java.base/java.util.ArrayList.forEach(ArrayList.java:1511)
	at java.base/java.util.ArrayList.forEach(ArrayList.java:1511)
]]></failure>
  </testcase>
  <testcase name="shouldDepositWithDrawCorrectly" classname="com.example.demo.BankTest" time="0.0"/>
</testsuite>